2021-11-09 18:37:45.292  INFO 19588 --- [main] tn.esprit.spring.EmployeServiceImplTest  : Starting EmployeServiceImplTest on DESKTOP-886RTUL with PID 19588 (started by karim in C:\Users\karim\IntelliJIDEAProjects\Timesheets)
2021-11-09 18:37:45.298  INFO 19588 --- [main] tn.esprit.spring.EmployeServiceImplTest  : No active profile set, falling back to default profiles: default
2021-11-09 18:37:46.118  INFO 19588 --- [main] .s.d.r.c.RepositoryConfigurationDelegate : Bootstrapping Spring Data JPA repositories in DEFAULT mode.
2021-11-09 18:37:46.211  INFO 19588 --- [main] .s.d.r.c.RepositoryConfigurationDelegate : Finished Spring Data repository scanning in 84ms. Found 6 JPA repository interfaces.
2021-11-09 18:37:46.862  INFO 19588 --- [main] o.hibernate.jpa.internal.util.LogHelper  : HHH000204: Processing PersistenceUnitInfo [name: default]
2021-11-09 18:37:46.960  INFO 19588 --- [main] org.hibernate.Version                    : HHH000412: Hibernate ORM core version 5.4.32.Final
2021-11-09 18:37:47.168  INFO 19588 --- [main] o.hibernate.annotations.common.Version   : HCANN000001: Hibernate Commons Annotations {5.1.2.Final}
2021-11-09 18:37:47.340  INFO 19588 --- [main] com.zaxxer.hikari.HikariDataSource       : HikariPool-1 - Starting...
2021-11-09 18:37:47.748  INFO 19588 --- [main] com.zaxxer.hikari.HikariDataSource       : HikariPool-1 - Start completed.
2021-11-09 18:37:47.771  INFO 19588 --- [main] org.hibernate.dialect.Dialect            : HHH000400: Using dialect: org.hibernate.dialect.MySQL5Dialect
2021-11-09 18:37:49.123  INFO 19588 --- [main] o.h.e.t.j.p.i.JtaPlatformInitiator       : HHH000490: Using JtaPlatform implementation: [org.hibernate.engine.transaction.jta.platform.internal.NoJtaPlatform]
2021-11-09 18:37:49.133  INFO 19588 --- [main] j.LocalContainerEntityManagerFactoryBean : Initialized JPA EntityManagerFactory for persistence unit 'default'
2021-11-09 18:37:50.133  WARN 19588 --- [main] JpaBaseConfiguration$JpaWebConfiguration : spring.jpa.open-in-view is enabled by default. Therefore, database queries may be performed during view rendering. Explicitly configure spring.jpa.open-in-view to disable this warning
2021-11-09 18:37:50.405  INFO 19588 --- [main] o.s.s.concurrent.ThreadPoolTaskExecutor  : Initializing ExecutorService 'applicationTaskExecutor'
2021-11-09 18:37:50.862  INFO 19588 --- [main] tn.esprit.spring.EmployeServiceImplTest  : Started EmployeServiceImplTest in 5.874 seconds (JVM running for 7.077)
2021-11-09 18:37:51.200  INFO 19588 --- [main] tn.esprit.spring.EmployeServiceImplTest  : Employee added
2021-11-09 18:37:51.230  INFO 19588 --- [main] tn.esprit.spring.EmployeServiceImplTest  : Departement added
2021-11-09 18:37:51.358  INFO 19588 --- [main] tn.esprit.spring.EmployeServiceImplTest  : employee added to department
2021-11-09 18:37:51.420  INFO 19588 --- [main] tn.esprit.spring.EmployeServiceImplTest  : employee added to department
2021-11-09 18:37:51.421  INFO 19588 --- [main] tn.esprit.spring.EmployeServiceImplTest  : employee added to department successfully
2021-11-09 18:37:51.774  INFO 19588 --- [main] tn.esprit.spring.EmployeServiceImplTest  : mission added successfully20
2021-11-09 18:37:51.793  INFO 19588 --- [main] tn.esprit.spring.EmployeServiceImplTest  : contrat added
2021-11-09 18:37:51.817  INFO 19588 --- [main] tn.esprit.spring.EmployeServiceImplTest  : employee added
2021-11-09 18:37:51.925  INFO 19588 --- [main] tn.esprit.spring.EmployeServiceImplTest  : contract found
2021-11-09 18:37:51.993  INFO 19588 --- [main] t.e.spring.TimesheetServiceImplTest      : mission added 19
2021-11-09 18:37:52.301  INFO 19588 --- [main] t.e.spring.TimesheetServiceImplTest      : timesheet parsed
2021-11-09 18:37:52.328  INFO 19588 --- [main] t.e.spring.TimesheetServiceImplTest      : TimeSheet Added
2021-11-09 18:37:52.340  INFO 19588 --- [main] t.e.spring.TimesheetServiceImplTest      : mission added
2021-11-09 18:37:52.349  INFO 19588 --- [main] t.e.spring.TimesheetServiceImplTest      : departement created and added
2021-11-09 18:37:52.396  WARN 19588 --- [main] t.e.spring.TimesheetServiceImplTest      : warning check your method
2021-11-09 18:37:52.423  INFO 19588 --- [SpringContextShutdownHook] o.s.s.concurrent.ThreadPoolTaskExecutor  : Shutting down ExecutorService 'applicationTaskExecutor'
2021-11-09 18:37:52.426  INFO 19588 --- [SpringContextShutdownHook] j.LocalContainerEntityManagerFactoryBean : Closing JPA EntityManagerFactory for persistence unit 'default'
2021-11-09 18:37:52.429  INFO 19588 --- [SpringContextShutdownHook] com.zaxxer.hikari.HikariDataSource       : HikariPool-1 - Shutdown initiated...
2021-11-09 18:37:52.456  INFO 19588 --- [SpringContextShutdownHook] com.zaxxer.hikari.HikariDataSource       : HikariPool-1 - Shutdown completed.
